0 info it worked if it ends with ok
1 verbose cli [ '/home/lar-ryan-nick/.nvm/versions/node/v6.11.2/bin/node',
1 verbose cli   '/home/lar-ryan-nick/.nvm/versions/node/v6.11.2/bin/npm',
1 verbose cli   'start' ]
2 info using npm@3.10.10
3 info using node@v6.11.2
4 verbose run-script [ 'prestart', 'start', 'poststart' ]
5 info lifecycle clutchfactor@1.0.0~prestart: clutchfactor@1.0.0
6 silly lifecycle clutchfactor@1.0.0~prestart: no script for prestart, continuing
7 info lifecycle clutchfactor@1.0.0~start: clutchfactor@1.0.0
8 verbose lifecycle clutchfactor@1.0.0~start: unsafe-perm in lifecycle true
9 verbose lifecycle clutchfactor@1.0.0~start: PATH: /home/lar-ryan-nick/.nvm/versions/node/v6.11.2/lib/node_modules/npm/bin/node-gyp-bin:/mnt/c/Users/ryanl/Documents/Programs/ClutchFactor/node_modules/.bin:/home/lar-ryan-nick/.nvm/versions/node/v6.11.2/bin:/usr/local/sbin:/usr/local/bin:/usr/sbin:/usr/bin:/sbin:/bin:/usr/games:/usr/local/games:/mnt/c/ProgramData/Oracle/Java/javapath_target_91401265:/mnt/c/Windows/System32:/mnt/c/Windows:/mnt/c/Windows/System32/wbem:/mnt/c/Windows/System32/WindowsPowerShell/v1.0:/mnt/c/Program Files (x86)/NVIDIA Corporation/PhysX/Common:/mnt/c/Windows/System32:/mnt/c/Windows:/mnt/c/Windows/System32/wbem:/mnt/c/Windows/System32/WindowsPowerShell/v1.0:/mnt/c/Program Files/Microsoft DNX/Dnvm:/mnt/c/Program Files/Microsoft SQL Server/120/Tools/Binn:/mnt/c/Program Files/Microsoft SQL Server/130/Tools/Binn:/mnt/c/Program Files (x86)/nodejs:/mnt/c/Program Files (x86)/Windows Kits/10/Windows Performance Toolkit:/mnt/c/Program Files/Microsoft SQL Server Migration Assistant for MySQL/bin:/mnt/c/Program Files/Git/cmd:/mnt/c/Users/ryanl/AppData/Local/Microsoft/WindowsApps:/mnt/c/Program Files (x86)/Microsoft VS Code/bin:/mnt/c/Program Files/Heroku/bin
10 verbose lifecycle clutchfactor@1.0.0~start: CWD: /mnt/c/Users/ryanl/Documents/Programs/ClutchFactor
11 silly lifecycle clutchfactor@1.0.0~start: Args: [ '-c',
11 silly lifecycle   'cp webpack.config1.js webpack.config.js; ./node_modules/.bin/webpack -d; cp webpack.config2.js webpack.config.js; ./node_modules/.bin/webpack -d; cp webpack.config3.js webpack.config.js; ./node_modules/.bin/webpack -d; node server.js' ]
12 silly lifecycle clutchfactor@1.0.0~start: Returned: code: 1  signal: null
13 info lifecycle clutchfactor@1.0.0~start: Failed to exec start script
14 verbose stack Error: clutchfactor@1.0.0 start: `cp webpack.config1.js webpack.config.js; ./node_modules/.bin/webpack -d; cp webpack.config2.js webpack.config.js; ./node_modules/.bin/webpack -d; cp webpack.config3.js webpack.config.js; ./node_modules/.bin/webpack -d; node server.js`
14 verbose stack Exit status 1
14 verbose stack     at EventEmitter.<anonymous> (/home/lar-ryan-nick/.nvm/versions/node/v6.11.2/lib/node_modules/npm/lib/utils/lifecycle.js:255:16)
14 verbose stack     at emitTwo (events.js:106:13)
14 verbose stack     at EventEmitter.emit (events.js:191:7)
14 verbose stack     at ChildProcess.<anonymous> (/home/lar-ryan-nick/.nvm/versions/node/v6.11.2/lib/node_modules/npm/lib/utils/spawn.js:40:14)
14 verbose stack     at emitTwo (events.js:106:13)
14 verbose stack     at ChildProcess.emit (events.js:191:7)
14 verbose stack     at maybeClose (internal/child_process.js:891:16)
14 verbose stack     at Process.ChildProcess._handle.onexit (internal/child_process.js:226:5)
15 verbose pkgid clutchfactor@1.0.0
16 verbose cwd /mnt/c/Users/ryanl/Documents/Programs/ClutchFactor
17 error Linux 4.4.0-43-Microsoft
18 error argv "/home/lar-ryan-nick/.nvm/versions/node/v6.11.2/bin/node" "/home/lar-ryan-nick/.nvm/versions/node/v6.11.2/bin/npm" "start"
19 error node v6.11.2
20 error npm  v3.10.10
21 error code ELIFECYCLE
22 error clutchfactor@1.0.0 start: `cp webpack.config1.js webpack.config.js; ./node_modules/.bin/webpack -d; cp webpack.config2.js webpack.config.js; ./node_modules/.bin/webpack -d; cp webpack.config3.js webpack.config.js; ./node_modules/.bin/webpack -d; node server.js`
22 error Exit status 1
23 error Failed at the clutchfactor@1.0.0 start script 'cp webpack.config1.js webpack.config.js; ./node_modules/.bin/webpack -d; cp webpack.config2.js webpack.config.js; ./node_modules/.bin/webpack -d; cp webpack.config3.js webpack.config.js; ./node_modules/.bin/webpack -d; node server.js'.
23 error Make sure you have the latest version of node.js and npm installed.
23 error If you do, this is most likely a problem with the clutchfactor package,
23 error not with npm itself.
23 error Tell the author that this fails on your system:
23 error     cp webpack.config1.js webpack.config.js; ./node_modules/.bin/webpack -d; cp webpack.config2.js webpack.config.js; ./node_modules/.bin/webpack -d; cp webpack.config3.js webpack.config.js; ./node_modules/.bin/webpack -d; node server.js
23 error You can get information on how to open an issue for this project with:
23 error     npm bugs clutchfactor
23 error Or if that isn't available, you can get their info via:
23 error     npm owner ls clutchfactor
23 error There is likely additional logging output above.
24 verbose exit [ 1, true ]
